Added Pin To Net: NetName=+3.3 Pin=C10-1
Added Pin To Net: NetName=+3.3 Pin=C11-1
Added Pin To Net: NetName=+3.3 Pin=P100-5
Added Pin To Net: NetName=+3.3 Pin=U2-2
Added Pin To Net: NetName=+3.3 Pin=U2-4
Added Net: Name=+3.3
Added Pin To Net: NetName=+5V Pin=C9-1
Added Pin To Net: NetName=+5V Pin=Q6-2
Added Pin To Net: NetName=+5V Pin=R11-1
Added Pin To Net: NetName=+5V Pin=U2-3
Added Pin To Net: NetName=+5V Pin=U3-2
Added Pin To Net: NetName=+5V Pin=U3-4
Added Net: Name=+5V
Added Pin To Net: NetName=+ISO Pin=C5-2
Added Pin To Net: NetName=+ISO Pin=C6-1
Added Pin To Net: NetName=+ISO Pin=D7-2
Added Pin To Net: NetName=+ISO Pin=J2-2
Added Pin To Net: NetName=+ISO Pin=P100-2
Added Pin To Net: NetName=+ISO Pin=Q1-3
Added Net: Name=+ISO
Added Pin To Net: NetName=+VS Pin=C2-2
Added Pin To Net: NetName=+VS Pin=C3-1
Added Pin To Net: NetName=+VS Pin=C4-1
Added Pin To Net: NetName=+VS Pin=C12-1
Added Pin To Net: NetName=+VS Pin=D3-2
Added Pin To Net: NetName=+VS Pin=J2-1
Added Pin To Net: NetName=+VS Pin=P100-1
Added Pin To Net: NetName=+VS Pin=Q3-3
Added Pin To Net: NetName=+VS Pin=R3-2
Added Pin To Net: NetName=+VS Pin=U1-1
Added Pin To Net: NetName=+VS Pin=U3-3
Added Net: Name=+VS
Added Pin To Net: NetName=+VSt Pin=C13-1
Added Pin To Net: NetName=+VSt Pin=C15-1
Added Pin To Net: NetName=+VSt Pin=D5-2
Added Pin To Net: NetName=+VSt Pin=Q1-1
Added Pin To Net: NetName=+VSt Pin=Q3-1
Added Pin To Net: NetName=+VSt Pin=Q5-1
Added Pin To Net: NetName=+VSt Pin=R4-1
Added Pin To Net: NetName=+VSt Pin=R6-1
Added Net: Name=+VSt
Added Pin To Net: NetName=-ISO Pin=C6-2
Added Pin To Net: NetName=-ISO Pin=P100-4
Added Pin To Net: NetName=-ISO Pin=Q2-3
Added Pin To Net: NetName=-ISO Pin=T1-5
Added Net: Name=-ISO
Added Pin To Net: NetName=-VS Pin=C3-2
Added Pin To Net: NetName=-VS Pin=D1-1
Added Pin To Net: NetName=-VS Pin=D8-2
Added Pin To Net: NetName=-VS Pin=P100-3
Added Pin To Net: NetName=-VS Pin=Q4-3
Added Net: Name=-VS
Added Pin To Net: NetName=-VSt Pin=C14-1
Added Pin To Net: NetName=-VSt Pin=C16-1
Added Pin To Net: NetName=-VSt Pin=D2-1
Added Pin To Net: NetName=-VSt Pin=Q2-1
Added Pin To Net: NetName=-VSt Pin=Q4-1
Added Pin To Net: NetName=-VSt Pin=R5-1
Added Pin To Net: NetName=-VSt Pin=R7-1
Added Net: Name=-VSt
Added Pin To Net: NetName=battery_measurment Pin=P100-7
Added Pin To Net: NetName=battery_measurment Pin=R200-2
Added Pin To Net: NetName=battery_measurment Pin=R201-1
Added Net: Name=battery_measurment
Added Pin To Net: NetName=cpu_command Pin=J3-6
Added Net: Name=cpu_command
Added Pin To Net: NetName=GND-ISO Pin=BR1-2
Added Pin To Net: NetName=GND-ISO Pin=C7-2
Added Pin To Net: NetName=GND-ISO Pin=C8-2
Added Pin To Net: NetName=GND-ISO Pin=IC1-5
Added Pin To Net: NetName=GND-ISO Pin=IC1-6
Added Pin To Net: NetName=GND-ISO Pin=IC1-7
Added Pin To Net: NetName=GND-ISO Pin=IC1-8
Added Pin To Net: NetName=GND-ISO Pin=U1-3
Added Net: Name=GND-ISO
Added Pin To Net: NetName=GND Pin=C4-2
Added Pin To Net: NetName=GND Pin=C9-2
Added Pin To Net: NetName=GND Pin=C10-2
Added Pin To Net: NetName=GND Pin=C11-2
Added Pin To Net: NetName=GND Pin=C12-2
Added Pin To Net: NetName=GND Pin=C13-2
Added Pin To Net: NetName=GND Pin=C14-2
Added Pin To Net: NetName=GND Pin=C15-2
Added Pin To Net: NetName=GND Pin=C16-2
Added Pin To Net: NetName=GND Pin=C17-2
Added Pin To Net: NetName=GND Pin=C18-2
Added Pin To Net: NetName=GND Pin=C19-2
Added Pin To Net: NetName=GND Pin=C20-2
Added Pin To Net: NetName=GND Pin=C21-2
Added Pin To Net: NetName=GND Pin=C22-2
Added Pin To Net: NetName=GND Pin=J3-1
Added Pin To Net: NetName=GND Pin=J3-10
Added Pin To Net: NetName=GND Pin=J3-11
Added Pin To Net: NetName=GND Pin=L2-1
Added Pin To Net: NetName=GND Pin=P100-6
Added Pin To Net: NetName=GND Pin=P100-8
Added Pin To Net: NetName=GND Pin=Q5-2
Added Pin To Net: NetName=GND Pin=Q7-3
Added Pin To Net: NetName=GND Pin=R4-2
Added Pin To Net: NetName=GND Pin=R5-2
Added Pin To Net: NetName=GND Pin=R6-2
Added Pin To Net: NetName=GND Pin=R7-2
Added Pin To Net: NetName=GND Pin=R13-2
Added Pin To Net: NetName=GND Pin=R14-1
Added Pin To Net: NetName=GND Pin=R19-2
Added Pin To Net: NetName=GND Pin=R201-2
Added Pin To Net: NetName=GND Pin=T1-2
Added Pin To Net: NetName=GND Pin=U2-1
Added Pin To Net: NetName=GND Pin=U3-1
Added Pin To Net: NetName=GND Pin=U4-2
Added Pin To Net: NetName=GND Pin=UP1-2
Added Pin To Net: NetName=GND Pin=UP1-4
Added Pin To Net: NetName=GND Pin=UP2-4
Added Net: Name=GND
Added Pin To Net: NetName=NetBR1_1 Pin=BR1-1
Added Pin To Net: NetName=NetBR1_1 Pin=C1-1
Added Pin To Net: NetName=NetBR1_1 Pin=C7-1
Added Pin To Net: NetName=NetBR1_1 Pin=D4-1
Added Pin To Net: NetName=NetBR1_1 Pin=T1-7
Added Pin To Net: NetName=NetBR1_1 Pin=T1-8
Added Pin To Net: NetName=NetBR1_1 Pin=T1-9
Added Pin To Net: NetName=NetBR1_1 Pin=T1-10
Added Net: Name=NetBR1_1
Added Pin To Net: NetName=NetBR1_3 Pin=BR1-3
Added Pin To Net: NetName=NetBR1_3 Pin=F1-2
Added Pin To Net: NetName=NetBR1_3 Pin=F1-2
Added Net: Name=NetBR1_3
Added Pin To Net: NetName=NetBR1_4 Pin=BR1-4
Added Pin To Net: NetName=NetBR1_4 Pin=J1-2
Added Net: Name=NetBR1_4
Added Pin To Net: NetName=NetC1_2 Pin=C1-2
Added Pin To Net: NetName=NetC1_2 Pin=D1-2
Added Pin To Net: NetName=NetC1_2 Pin=D2-2
Added Pin To Net: NetName=NetC1_2 Pin=T1-3
Added Net: Name=NetC1_2
Added Pin To Net: NetName=NetC2_1 Pin=C2-1
Added Pin To Net: NetName=NetC2_1 Pin=R1-2
Added Net: Name=NetC2_1
Added Pin To Net: NetName=NetC5_1 Pin=C5-1
Added Pin To Net: NetName=NetC5_1 Pin=R2-2
Added Net: Name=NetC5_1
Added Pin To Net: NetName=NetC8_1 Pin=C8-1
Added Pin To Net: NetName=NetC8_1 Pin=IC1-2
Added Net: Name=NetC8_1
Added Pin To Net: NetName=NetC17_1 Pin=C17-1
Added Pin To Net: NetName=NetC17_1 Pin=C20-1
Added Pin To Net: NetName=NetC17_1 Pin=J4-1
Added Pin To Net: NetName=NetC17_1 Pin=R8-2
Added Pin To Net: NetName=NetC17_1 Pin=R15-2
Added Pin To Net: NetName=NetC17_1 Pin=R200-1
Added Pin To Net: NetName=NetC17_1 Pin=U4-3
Added Pin To Net: NetName=NetC17_1 Pin=UP1-6
Added Pin To Net: NetName=NetC17_1 Pin=UP2-6
Added Net: Name=NetC17_1
Added Pin To Net: NetName=NetC18_1 Pin=C18-1
Added Pin To Net: NetName=NetC18_1 Pin=UP1-3
Added Net: Name=NetC18_1
Added Pin To Net: NetName=NetC19_1 Pin=C19-1
Added Pin To Net: NetName=NetC19_1 Pin=D9-2
Added Pin To Net: NetName=NetC19_1 Pin=R12-2
Added Net: Name=NetC19_1
Added Pin To Net: NetName=NetC21_1 Pin=C21-1
Added Pin To Net: NetName=NetC21_1 Pin=UP2-3
Added Net: Name=NetC21_1
Added Pin To Net: NetName=NetC22_1 Pin=C22-1
Added Pin To Net: NetName=NetC22_1 Pin=D10-1
Added Pin To Net: NetName=NetC22_1 Pin=R18-2
Added Net: Name=NetC22_1
Added Pin To Net: NetName=NetD3_1 Pin=D3-1
Added Pin To Net: NetName=NetD3_1 Pin=D5-1
Added Pin To Net: NetName=NetD3_1 Pin=R1-1
Added Pin To Net: NetName=NetD3_1 Pin=T1-1
Added Net: Name=NetD3_1
Added Pin To Net: NetName=NetD4_2 Pin=D4-2
Added Pin To Net: NetName=NetD4_2 Pin=D6-2
Added Net: Name=NetD4_2
Added Pin To Net: NetName=NetD6_1 Pin=D6-1
Added Pin To Net: NetName=NetD6_1 Pin=IC1-4
Added Pin To Net: NetName=NetD6_1 Pin=T1-6
Added Net: Name=NetD6_1
Added Pin To Net: NetName=NetD7_1 Pin=D7-1
Added Pin To Net: NetName=NetD7_1 Pin=R2-1
Added Pin To Net: NetName=NetD7_1 Pin=T1-4
Added Net: Name=NetD7_1
Added Pin To Net: NetName=NetD8_1 Pin=D8-1
Added Pin To Net: NetName=NetD8_1 Pin=R3-1
Added Pin To Net: NetName=NetD8_1 Pin=U1-2
Added Net: Name=NetD8_1
Added Pin To Net: NetName=NetD9_1 Pin=D9-1
Added Pin To Net: NetName=NetD9_1 Pin=L1-2
Added Pin To Net: NetName=NetD9_1 Pin=UP1-1
Added Net: Name=NetD9_1
Added Pin To Net: NetName=NetD10_2 Pin=D10-2
Added Pin To Net: NetName=NetD10_2 Pin=L2-2
Added Pin To Net: NetName=NetD10_2 Pin=UP2-2
Added Net: Name=NetD10_2
Added Pin To Net: NetName=NetF1_1 Pin=F1-1
Added Pin To Net: NetName=NetF1_1 Pin=F1-1
Added Pin To Net: NetName=NetF1_1 Pin=J1-1
Added Net: Name=NetF1_1
Added Pin To Net: NetName=NetIC1_1 Pin=IC1-1
Added Pin To Net: NetName=NetIC1_1 Pin=U1-4
Added Net: Name=NetIC1_1
Added Pin To Net: NetName=NetJ4_2 Pin=J4-2
Added Pin To Net: NetName=NetJ4_2 Pin=Q7-2
Added Net: Name=NetJ4_2
Added Pin To Net: NetName=NetL1_1 Pin=L1-1
Added Pin To Net: NetName=NetL1_1 Pin=R8-1
Added Pin To Net: NetName=NetL1_1 Pin=UP1-7
Added Pin To Net: NetName=NetL1_1 Pin=UP1-8
Added Net: Name=NetL1_1
Added Pin To Net: NetName=NetQ5_3 Pin=Q5-3
Added Pin To Net: NetName=NetQ5_3 Pin=Q6-1
Added Pin To Net: NetName=NetQ5_3 Pin=R11-2
Added Net: Name=NetQ5_3
Added Pin To Net: NetName=NetQ6_3 Pin=Q6-3
Added Pin To Net: NetName=NetQ6_3 Pin=U4-4
Added Net: Name=NetQ6_3
Added Pin To Net: NetName=NetR12_1 Pin=R12-1
Added Pin To Net: NetName=NetR12_1 Pin=R13-1
Added Pin To Net: NetName=NetR12_1 Pin=UP1-5
Added Net: Name=NetR12_1
Added Pin To Net: NetName=NetR14_2 Pin=R14-2
Added Pin To Net: NetName=NetR14_2 Pin=U4-5
Added Net: Name=NetR14_2
Added Pin To Net: NetName=NetR15_1 Pin=R15-1
Added Pin To Net: NetName=NetR15_1 Pin=UP2-1
Added Pin To Net: NetName=NetR15_1 Pin=UP2-7
Added Pin To Net: NetName=NetR15_1 Pin=UP2-8
Added Net: Name=NetR15_1
Added Pin To Net: NetName=NetR18_1 Pin=R18-1
Added Pin To Net: NetName=NetR18_1 Pin=R19-1
Added Pin To Net: NetName=NetR18_1 Pin=UP2-5
Added Net: Name=NetR18_1
Added Pin To Net: NetName=RS485_N Pin=J3-9
Added Pin To Net: NetName=RS485_N Pin=P100-10
Added Net: Name=RS485_N
Added Pin To Net: NetName=RS485_P Pin=J3-5
Added Pin To Net: NetName=RS485_P Pin=P100-9
Added Net: Name=RS485_P
Added Differential Pair: Name=RS485
